0	1	mikroCARM.exe -MSF -DBG -pSTM32F107VC -BIN -LHF -C -DL -SSA -O11111114 -fo72 -N"C:\Users\katarina.perendic\Desktop\IR Grid\example\c\ARM\STM\Click_IR_Grid_STM.mcpar" -SP"C:\Users\Public\Documents\Mikroelektronika\mikroC PRO for ARM\Defs\" -SP"C:\Users\Public\Documents\Mikroelektronika\mikroC PRO for ARM\Uses\ST M3\" -SP"C:\Users\katarina.perendic\Desktop\IR Grid\example\c\ARM\STM\" -SP"C:\Users\katarina.perendic\Desktop\IR Grid\library\HAL\" -SP"C:\Users\katarina.perendic\Desktop\IR Grid\library\" -SP"C:\Users\Public\Documents\Mikroelektronika\mikroC PRO for ARM\Packages\mikroBUS Board Definition API\Uses\" -IP"C:\Users\Public\Documents\Mikroelektronika\mikroC PRO for ARM\Uses\ST M3\" -IP"C:\Users\katarina.perendic\Desktop\IR Grid\example\c\ARM\STM\" -IP"C:\Users\katarina.perendic\Desktop\IR Grid\library\" -IP"C:\Users\katarina.perendic\Desktop\IR Grid\library\HAL\" -IP"C:\Users\Public\Documents\Mikroelektronika\mikroC PRO for ARM\Packages\mikroBUS Board Definition API\Uses\" "Click_IR_Grid_STM.c" "__irgrid_driver.c" "__Lib_Math.emcl" "__Lib_MathDouble.emcl" "__Lib_Delays.emcl" "__Lib_System_105_107.emcl" "__Lib_GPIO_32F10x_Defs.emcl" "__Lib_GPIO_32F10x.emcl" "__Lib_CString.emcl" "__Lib_Conversions.emcl" "__Lib_I2C_12.emcl" "__Lib_UART_123_45.emcl" "easymx_v7_STM32F107VC.emcl" "Click_IR_Grid.pld"	 
diagnostics: 0	122	Compilation Started	stdint.h
diagnostics: 89	123	Compiled Successfully	Click_IR_Grid_STM.c
hint: 51	1164	Variable 'i' has been eliminated by optimizer	Click_IR_Grid_STM.c
diagnostics: 0	122	Compilation Started	stdint.h
diagnostics: 708	123	Compiled Successfully	__irgrid_driver.c
hint: 323	1164	Variable 'tmp' has been eliminated by optimizer	__irgrid_driver.c
hint: 84	1164	Variable 'tmp' has been eliminated by optimizer	__irgrid_driver.c
hint: 101	1164	Variable 'ptr' has been eliminated by optimizer	__irgrid_driver.c
hint: 109	1164	Variable 'ptr' has been eliminated by optimizer	__irgrid_driver.c
hint: 498	1164	Variable 'config' has been eliminated by optimizer	__irgrid_driver.c
hint: 551	1164	Variable 'vir_normal' has been eliminated by optimizer	__irgrid_driver.c
diagnostics: 0	127	All files Compiled in 141 ms	 
hint: 0	1144	Used RX: 16 (100%)   Free RX: 0 (0%)	Used RX: 16 (100%)   Free RX: 0 (0%)
hint: 0	1144	Static RAM (bytes): 1926   Dynamic RAM (bytes): 63605	Static RAM (bytes): 1926   Dynamic RAM (bytes): 63605
hint: 0	1144	Used ROM (bytes): 14231 (5%)  Free ROM (bytes): 247913 (95%)	Used ROM (bytes): 14231 (5%)  Free ROM (bytes): 247913 (95%)
diagnostics: 0	125	Project Linked Successfully	Click_IR_Grid_STM.mcpar
diagnostics: 0	128	Linked in 297 ms	 
diagnostics: 0	129	Project 'Click_IR_Grid_STM.mcpar' completed: 563 ms	 
diagnostics: 0	103	Finished successfully: 03 jul 2018, 14:57:03	Click_IR_Grid_STM.mcpar
