0	1	mikroCFT90x.exe -MSF -DBG -p FT900 -RA -BIN -DL -SSA -O11111114 -fo100 -N"C:\Users\katarina.perendic\Desktop\IR Grid\example\c\FT90x\Click_IR_Grid_FT90x.mcpf9" -SP"C:\Users\Public\Documents\Mikroelektronika\mikroC PRO for FT90x\Defs\" -SP"C:\Users\Public\Documents\Mikroelektronika\mikroC PRO for FT90x\Uses\" -SP"C:\Users\katarina.perendic\Desktop\IR Grid\example\c\FT90x\" -SP"C:\Users\katarina.perendic\Desktop\IR Grid\library\HAL\" -SP"C:\Users\katarina.perendic\Desktop\IR Grid\library\" -SP"C:\Users\Public\Documents\Mikroelektronika\mikroC PRO for FT90x\Packages\mikroBUS Board Definition API\Uses\" -IP"C:\Users\katarina.perendic\Desktop\IR Grid\library\" -IP"C:\Users\katarina.perendic\Desktop\IR Grid\library\HAL\" -IP"C:\Users\katarina.perendic\Desktop\IR Grid\example\c\FT90x\" -IP"C:\Users\Public\Documents\Mikroelektronika\mikroC PRO for FT90x\Packages\mikroBUS Board Definition API\Uses\" "Click_IR_Grid_FT90x.c" "__irgrid_Driver.c" "__Lib_Delays.emcl" "__Lib_System.emcl" "__Lib_Math.emcl" "__Lib_MathDouble.emcl" "__Lib_GPIO.emcl" "__Lib_CString.emcl" "__Lib_Conversions.emcl" "__Lib_I2C.emcl" "__Lib_UART.emcl" "easyft90x_v7_FT900.emcl" "Click_IR_Grid.pld"	 
diagnostics: 0	122	Compilation Started	FT900.c
diagnostics: 15125	123	Compiled Successfully	FT900.c
diagnostics: 0	122	Compilation Started	__Lib_Delays.c
diagnostics: 163	123	Compiled Successfully	__Lib_Delays.c
hint: 14	1164	Variable 'cpuClockDiv' has been eliminated by optimizer	__Lib_Delays.c
diagnostics: 0	122	Compilation Started	stdint.h
diagnostics: 349	123	Compiled Successfully	easyft90x_v7_FT900.c
hint: 14	1354	 warning: "/*" within comment     /*   T90x Compiler ver : v2.2.1.0  v7	C:\Users\katarina.perendic\Desktop\IR Grid\example\c\FT90x\Click_IR_Grid_FT90x.c
diagnostics: 0	122	Compilation Started	stdint.h
diagnostics: 102	123	Compiled Successfully	Click_IR_Grid_FT90x.c
hint: 64	1164	Variable 'i' has been eliminated by optimizer	Click_IR_Grid_FT90x.c
diagnostics: 0	122	Compilation Started	stdint.h
diagnostics: 672	123	Compiled Successfully	__irgrid_Driver.c
hint: 323	1164	Variable 'tmp' has been eliminated by optimizer	__irgrid_Driver.c
hint: 89	1164	Variable 'tmp' has been eliminated by optimizer	__irgrid_Driver.c
hint: 462	1164	Variable 'config' has been eliminated by optimizer	__irgrid_Driver.c
hint: 515	1164	Variable 'vir_normal' has been eliminated by optimizer	__irgrid_Driver.c
diagnostics: 0	127	All files Compiled in 141 ms	 
hint: 0	1144	Used RX: 28 (88%)   Free RX: 4 (12%)	Used RX: 28 (88%)   Free RX: 4 (12%)
hint: 0	1144	Static RAM (bytes): 2112   Dynamic RAM (bytes): 63417	Static RAM (bytes): 2112   Dynamic RAM (bytes): 63417
hint: 0	1144	Used ROM (bytes): 20397 (8%)  Free ROM (bytes): 241747 (92%)	Used ROM (bytes): 20397 (8%)  Free ROM (bytes): 241747 (92%)
diagnostics: 0	125	Project Linked Successfully	Click_IR_Grid_FT90x.mcpf9
diagnostics: 0	128	Linked in 156 ms	 
diagnostics: 0	129	Project 'Click_IR_Grid_FT90x.mcpf9' completed: 797 ms	 
diagnostics: 0	103	Finished successfully: 03 jul 2018, 15:13:03	Click_IR_Grid_FT90x.mcpf9
